This is pdfTeX, Version 3.141592653-2.6-1.40.27 (MiKTeX 25.4) (preloaded format=pdflatex 2025.9.24)  26 SEP 2025 19:31
entering extended mode
 restricted \write18 enabled.
 file:line:error style messages enabled.
 %&-line parsing enabled.
**"c:/Users/ASUS RYZEN 5/Documents/UPDS/psf_upds/psf_bd.tex"
(c:/Users/ASUS RYZEN 5/Documents/UPDS/psf_upds/psf_bd.tex
LaTeX2e <2025-06-01> patch level 1
L3 programming layer <2025-09-02>
(C:\Users\ASUS RYZEN 5\AppData\Local\Programs\MiKTeX\tex/latex/base\article.cls
Document Class: article 2025/01/22 v1.4n Standard LaTeX document class
(C:\Users\ASUS RYZEN 5\AppData\Local\Programs\MiKTeX\tex/latex/base\size12.clo
File: size12.clo 2025/01/22 v1.4n Standard LaTeX file (size option)
)
\c@part=\count275
\c@section=\count276
\c@subsection=\count277
\c@subsubsection=\count278
\c@paragraph=\count279
\c@subparagraph=\count280
\c@figure=\count281
\c@table=\count282
\abovecaptionskip=\skip49
\belowcaptionskip=\skip50
\bibindent=\dimen148
) (C:\Users\ASUS RYZEN 5\AppData\Local\Programs\MiKTeX\tex/generic/babel\babel.sty
Package: babel 2025/08/03 v25.12 The multilingual framework for LuaLaTeX, pdfLaTeX and XeLaTeX
\babel@savecnt=\count283
LaTeX Encoding Info:    Redeclaring text command \ij (encoding OT1) on input line 2045.
LaTeX Encoding Info:    Redeclaring text command \IJ (encoding OT1) on input line 2047.
LaTeX Encoding Info:    Redeclaring text command \ij (encoding T1) on input line 2049.
LaTeX Encoding Info:    Redeclaring text command \IJ (encoding T1) on input line 2050.
LaTeX Encoding Info:    Ignoring declaration for text command \ij (encoding ?) on input line 2051.
LaTeX Encoding Info:    Ignoring declaration for text command \IJ (encoding ?) on input line 2053.
LaTeX Encoding Info:    Ignoring declaration for text command \SS (encoding ?) on input line 2078.
\U@D=\dimen149
\l@unhyphenated=\language79
 (C:\Users\ASUS RYZEN 5\AppData\Local\Programs\MiKTeX\tex/generic/babel\txtbabel.def)
\bbl@readstream=\read2
\bbl@dirlevel=\count284

*************************************
* Local config file bblopts.cfg used
*
(C:\Users\ASUS RYZEN 5\AppData\Local\Programs\MiKTeX\tex/latex/arabi\bblopts.cfg
File: bblopts.cfg 2005/09/08 v0.1 add Arabic and Farsi to "declared" options of babel
) (C:\Users\ASUS RYZEN 5\AppData\Local\Programs\MiKTeX\tex/latex/babel-spanish\spanish.ldf
Language: spanish.ldf 2021/05/27 v5.0q Spanish support from the babel system
 (C:\Users\ASUS RYZEN 5\AppData\Local\Programs\MiKTeX\tex/generic/babel/locale/es\babel-spanish.tex
Package babel Info: Importing font and identification data for spanish
(babel)             from babel-es.ini. Reported on input line 12.
)
\es@quottoks=\toks17
\es@quotdepth=\count285
Package babel Info: Making " an active character on input line 570.
Package babel Info: Making . an active character on input line 675.
Package babel Info: Making < an active character on input line 722.
Package babel Info: Making > an active character on input line 722.
))
LaTeX Encoding Info:    Redeclaring text command \guillemotleft (encoding OT1) on input line 3.
LaTeX Encoding Info:    Redeclaring text command \guillemotright (encoding OT1) on input line 3.
 (C:\Users\ASUS RYZEN 5\AppData\Local\Programs\MiKTeX\tex/latex/base\inputenc.sty
Package: inputenc 2024/02/08 v1.3d Input encoding file
\inpenc@prehook=\toks18
\inpenc@posthook=\toks19
) (C:\Users\ASUS RYZEN 5\AppData\Local\Programs\MiKTeX\tex/latex/graphics\graphicx.sty
Package: graphicx 2024/12/31 v1.2e Enhanced LaTeX Graphics (DPC,SPQR)
 (C:\Users\ASUS RYZEN 5\AppData\Local\Programs\MiKTeX\tex/latex/graphics\keyval.sty
Package: keyval 2022/05/29 v1.15 key=value parser (DPC)
\KV@toks@=\toks20
) (C:\Users\ASUS RYZEN 5\AppData\Local\Programs\MiKTeX\tex/latex/graphics\graphics.sty
Package: graphics 2024/08/06 v1.4g Standard LaTeX Graphics (DPC,SPQR)
 (C:\Users\ASUS RYZEN 5\AppData\Local\Programs\MiKTeX\tex/latex/graphics\trig.sty
Package: trig 2023/12/02 v1.11 sin cos tan (DPC)
) (C:\Users\ASUS RYZEN 5\AppData\Local\Programs\MiKTeX\tex/latex/graphics-cfg\graphics.cfg
File: graphics.cfg 2016/06/04 v1.11 sample graphics configuration
)
Package graphics Info: Driver file: pdftex.def on input line 106.
 (C:\Users\ASUS RYZEN 5\AppData\Local\Programs\MiKTeX\tex/latex/graphics-def\pdftex.def
File: pdftex.def 2024/04/13 v1.2c Graphics/color driver for pdftex
))
\Gin@req@height=\dimen150
\Gin@req@width=\dimen151
) (C:\Users\ASUS RYZEN 5\AppData\Local\Programs\MiKTeX\tex/latex/geometry\geometry.sty
Package: geometry 2020/01/02 v5.9 Page Geometry
 (C:\Users\ASUS RYZEN 5\AppData\Local\Programs\MiKTeX\tex/generic/iftex\ifvtex.sty
Package: ifvtex 2019/10/25 v1.7 ifvtex legacy package. Use iftex instead.
 (C:\Users\ASUS RYZEN 5\AppData\Local\Programs\MiKTeX\tex/generic/iftex\iftex.sty
Package: iftex 2024/12/12 v1.0g TeX engine tests
))
\Gm@cnth=\count286
\Gm@cntv=\count287
\c@Gm@tempcnt=\count288
\Gm@bindingoffset=\dimen152
\Gm@wd@mp=\dimen153
\Gm@odd@mp=\dimen154
\Gm@even@mp=\dimen155
\Gm@layoutwidth=\dimen156
\Gm@layoutheight=\dimen157
\Gm@layouthoffset=\dimen158
\Gm@layoutvoffset=\dimen159
\Gm@dimlist=\toks21
 (C:\Users\ASUS RYZEN 5\AppData\Local\Programs\MiKTeX\tex/latex/geometry\geometry.cfg)) (C:\Users\ASUS RYZEN 5\AppData\Local\Programs\MiKTeX\tex/latex/titlesec\titlesec.sty
Package: titlesec 2025/01/04 v2.17 Sectioning titles
\ttl@box=\box53
\beforetitleunit=\skip51
\aftertitleunit=\skip52
\ttl@plus=\dimen160
\ttl@minus=\dimen161
\ttl@toksa=\toks22
\titlewidth=\dimen162
\titlewidthlast=\dimen163
\titlewidthfirst=\dimen164
) (C:\Users\ASUS RYZEN 5\AppData\Local\Programs\MiKTeX\tex/latex/fancyhdr\fancyhdr.sty
Package: fancyhdr 2025/02/07 v5.2 Extensive control of page headers and footers
\f@nch@headwidth=\skip53
\f@nch@offset@elh=\skip54
\f@nch@offset@erh=\skip55
\f@nch@offset@olh=\skip56
\f@nch@offset@orh=\skip57
\f@nch@offset@elf=\skip58
\f@nch@offset@erf=\skip59
\f@nch@offset@olf=\skip60
\f@nch@offset@orf=\skip61
\f@nch@height=\skip62
\f@nch@footalignment=\skip63
\f@nch@widthL=\skip64
\f@nch@widthC=\skip65
\f@nch@widthR=\skip66
\@temptokenb=\toks23
) (C:\Users\ASUS RYZEN 5\AppData\Local\Programs\MiKTeX\tex/latex/setspace\setspace.sty
Package: setspace 2022/12/04 v6.7b set line spacing
) (C:\Users\ASUS RYZEN 5\AppData\Local\Programs\MiKTeX\tex/latex/enumitem\enumitem.sty
Package: enumitem 2025/02/06 v3.11 Customized lists
\labelindent=\skip67
\enit@outerparindent=\dimen165
\enit@toks=\toks24
\enit@inbox=\box54
\enit@count@id=\count289
\enitdp@description=\count290
) (C:\Users\ASUS RYZEN 5\AppData\Local\Programs\MiKTeX\tex/latex/tocloft\tocloft.sty
Package: tocloft 2017/08/31 v2.3i parameterised ToC, etc., typesetting
Package tocloft Info: The document has section divisions on input line 51.
\cftparskip=\skip68
\cftbeforetoctitleskip=\skip69
\cftaftertoctitleskip=\skip70
\cftbeforepartskip=\skip71
\cftpartnumwidth=\skip72
\cftpartindent=\skip73
\cftbeforesecskip=\skip74
\cftsecindent=\skip75
\cftsecnumwidth=\skip76
\cftbeforesubsecskip=\skip77
\cftsubsecindent=\skip78
\cftsubsecnumwidth=\skip79
\cftbeforesubsubsecskip=\skip80
\cftsubsubsecindent=\skip81
\cftsubsubsecnumwidth=\skip82
\cftbeforeparaskip=\skip83
\cftparaindent=\skip84
\cftparanumwidth=\skip85
\cftbeforesubparaskip=\skip86
\cftsubparaindent=\skip87
\cftsubparanumwidth=\skip88
\cftbeforeloftitleskip=\skip89
\cftafterloftitleskip=\skip90
\cftbeforefigskip=\skip91
\cftfigindent=\skip92
\cftfignumwidth=\skip93
\c@lofdepth=\count291
\c@lotdepth=\count292
\cftbeforelottitleskip=\skip94
\cftafterlottitleskip=\skip95
\cftbeforetabskip=\skip96
\cfttabindent=\skip97
\cfttabnumwidth=\skip98
) (C:\Users\ASUS RYZEN 5\AppData\Local\Programs\MiKTeX\tex/latex/psnfss\times.sty
Package: times 2020/03/25 PSNFSS-v9.3 (SPQR) 
) (C:\Users\ASUS RYZEN 5\AppData\Local\Programs\MiKTeX\tex/latex/fontsize\fontsize.sty
Package: fontsize 2021/08/04 v0.8.5 'fontsize' package. Set main font sizes (Ivan Valbusa)
 (C:\Users\ASUS RYZEN 5\AppData\Local\Programs\MiKTeX\tex/latex/xkeyval\xkeyval.sty
Package: xkeyval 2022/06/16 v2.9 package option processing (HA)
 (C:\Users\ASUS RYZEN 5\AppData\Local\Programs\MiKTeX\tex/generic/xkeyval\xkeyval.tex (C:\Users\ASUS RYZEN 5\AppData\Local\Programs\MiKTeX\tex/generic/xkeyval\xkvutils.tex
\XKV@toks=\toks25
\XKV@tempa@toks=\toks26
)
\XKV@depth=\count293
File: xkeyval.tex 2014/12/03 v2.7a key=value parser (HA)
)) (C:\Users\ASUS RYZEN 5\AppData\Local\Programs\MiKTeX\tex/latex/l3packages/xfp\xfp.sty (C:\Users\ASUS RYZEN 5\AppData\Local\Programs\MiKTeX\tex/latex/l3kernel\expl3.sty
Package: expl3 2025-09-02 L3 programming layer (loader) 
 (C:\Users\ASUS RYZEN 5\AppData\Local\Programs\MiKTeX\tex/latex/l3backend\l3backend-pdftex.def
File: l3backend-pdftex.def 2025-06-09 L3 backend support: PDF output (pdfTeX)
\l__color_backend_stack_int=\count294
))
Package: xfp 2024-08-16 L3 Floating point unit
)) (C:\Users\ASUS RYZEN 5\AppData\Local\Programs\MiKTeX\tex/latex/ragged2e\ragged2e.sty
Package: ragged2e 2023/06/22 v3.6 ragged2e Package
\CenteringLeftskip=\skip99
\RaggedLeftLeftskip=\skip100
\RaggedRightLeftskip=\skip101
\CenteringRightskip=\skip102
\RaggedLeftRightskip=\skip103
\RaggedRightRightskip=\skip104
\CenteringParfillskip=\skip105
\RaggedLeftParfillskip=\skip106
\RaggedRightParfillskip=\skip107
\JustifyingParfillskip=\skip108
\CenteringParindent=\skip109
\RaggedLeftParindent=\skip110
\RaggedRightParindent=\skip111
\JustifyingParindent=\skip112
) (C:\Users\ASUS RYZEN 5\AppData\Local\Programs\MiKTeX\tex/latex/listings\listings.sty
\lst@mode=\count295
\lst@gtempboxa=\box55
\lst@token=\toks27
\lst@length=\count296
\lst@currlwidth=\dimen166
\lst@column=\count297
\lst@pos=\count298
\lst@lostspace=\dimen167
\lst@width=\dimen168
\lst@newlines=\count299
\lst@lineno=\count300
\lst@maxwidth=\dimen169
 (C:\Users\ASUS RYZEN 5\AppData\Local\Programs\MiKTeX\tex/latex/listings\lstpatch.sty
File: lstpatch.sty 2024/09/23 1.10c (Carsten Heinz)
) (C:\Users\ASUS RYZEN 5\AppData\Local\Programs\MiKTeX\tex/latex/listings\lstmisc.sty
File: lstmisc.sty 2024/09/23 1.10c (Carsten Heinz)
\c@lstnumber=\count301
\lst@skipnumbers=\count302
\lst@framebox=\box56
) (C:\Users\ASUS RYZEN 5\AppData\Local\Programs\MiKTeX\tex/latex/listings\listings.cfg
File: listings.cfg 2024/09/23 1.10c listings configuration
))
Package: listings 2024/09/23 1.10c (Carsten Heinz)
 (C:\Users\ASUS RYZEN 5\AppData\Local\Programs\MiKTeX\tex/latex/xcolor\xcolor.sty
Package: xcolor 2024/09/29 v3.02 LaTeX color extensions (UK)
 (C:\Users\ASUS RYZEN 5\AppData\Local\Programs\MiKTeX\tex/latex/graphics-cfg\color.cfg
File: color.cfg 2016/01/02 v1.6 sample color configuration
)
Package xcolor Info: Driver file: pdftex.def on input line 274.
 (C:\Users\ASUS RYZEN 5\AppData\Local\Programs\MiKTeX\tex/latex/graphics\mathcolor.ltx)
Package xcolor Info: Model `cmy' substituted by `cmy0' on input line 1349.
Package xcolor Info: Model `hsb' substituted by `rgb' on input line 1353.
Package xcolor Info: Model `RGB' extended on input line 1365.
Package xcolor Info: Model `HTML' substituted by `rgb' on input line 1367.
Package xcolor Info: Model `Hsb' substituted by `hsb' on input line 1368.
Package xcolor Info: Model `tHsb' substituted by `hsb' on input line 1369.
Package xcolor Info: Model `HSB' substituted by `hsb' on input line 1370.
Package xcolor Info: Model `Gray' substituted by `gray' on input line 1371.
Package xcolor Info: Model `wave' substituted by `hsb' on input line 1372.
) (C:\Users\ASUS RYZEN 5\AppData\Local\Programs\MiKTeX\tex/latex/url\url.sty
\Urlmuskip=\muskip17
Package: url 2013/09/16  ver 3.4  Verb mode for urls, etc.
) (C:\Users\ASUS RYZEN 5\AppData\Local\Programs\MiKTeX\tex/latex/float\float.sty
Package: float 2001/11/08 v1.3d Float enhancements (AL)
\c@float@type=\count303
\float@exts=\toks28
\float@box=\box57
\@float@everytoks=\toks29
\@floatcapt=\box58
) (C:\Users\ASUS RYZEN 5\AppData\Local\Programs\MiKTeX\tex/latex/listings\lstlang1.sty
File: lstlang1.sty 2024/09/23 1.10c listings language file
)
LaTeX Font Info:    Trying to load font information for OT1+ptm on input line 72.
 (C:\Users\ASUS RYZEN 5\AppData\Local\Programs\MiKTeX\tex/latex/psnfss\ot1ptm.fd
File: ot1ptm.fd 2001/06/04 font definitions for OT1/ptm.
) (psf_bd.aux
LaTeX Info: Redefining \. on input line 8.
LaTeX Info: Redefining \% on input line 8.
Package babel Info: 'spanish' activates 'spanish' shorthands.
(babel)             Reported on input line 8.
)
\openout1 = `psf_bd.aux'.

LaTeX Font Info:    Checking defaults for OML/cmm/m/it on input line 72.
LaTeX Font Info:    ... okay on input line 72.
LaTeX Font Info:    Checking defaults for OMS/cmsy/m/n on input line 72.
LaTeX Font Info:    ... okay on input line 72.
LaTeX Font Info:    Checking defaults for OT1/cmr/m/n on input line 72.
LaTeX Font Info:    ... okay on input line 72.
LaTeX Font Info:    Checking defaults for T1/cmr/m/n on input line 72.
LaTeX Font Info:    ... okay on input line 72.
LaTeX Font Info:    Checking defaults for TS1/cmr/m/n on input line 72.
LaTeX Font Info:    ... okay on input line 72.
LaTeX Font Info:    Checking defaults for OMX/cmex/m/n on input line 72.
LaTeX Font Info:    ... okay on input line 72.
LaTeX Font Info:    Checking defaults for U/cmr/m/n on input line 72.
LaTeX Font Info:    ... okay on input line 72.
LaTeX Info: Redefining \. on input line 72.
LaTeX Info: Redefining \% on input line 72.
 (C:\Users\ASUS RYZEN 5\AppData\Local\Programs\MiKTeX\tex/context/base/mkii\supp-pdf.mkii
[Loading MPS to PDF converter (version 2006.09.02).]
\scratchcounter=\count304
\scratchdimen=\dimen170
\scratchbox=\box59
\nofMPsegments=\count305
\nofMParguments=\count306
\everyMPshowfont=\toks30
\MPscratchCnt=\count307
\MPscratchDim=\dimen171
\MPnumerator=\count308
\makeMPintoPDFobject=\count309
\everyMPtoPDFconversion=\toks31
) (C:\Users\ASUS RYZEN 5\AppData\Local\Programs\MiKTeX\tex/latex/epstopdf-pkg\epstopdf-base.sty
Package: epstopdf-base 2020-01-24 v2.11 Base part for package epstopdf
Package epstopdf-base Info: Redefining graphics rule for `.eps' on input line 485.
 (C:\Users\ASUS RYZEN 5\AppData\Local\Programs\MiKTeX\tex/latex/00miktex\epstopdf-sys.cfg
File: epstopdf-sys.cfg 2021/03/18 v2.0 Configuration of epstopdf for MiKTeX
))
*geometry* driver: auto-detecting
*geometry* detected driver: pdftex
*geometry* verbose mode - [ preamble ] result:
* driver: pdftex
* paper: letterpaper
* layout: <same size as paper>
* layoutoffset:(h,v)=(0.0pt,0.0pt)
* modes: 
* h-part:(L,W,R)=(85.35826pt, 457.80486pt, 71.13188pt)
* v-part:(T,H,B)=(71.13188pt, 652.70622pt, 71.13188pt)
* \paperwidth=614.295pt
* \paperheight=794.96999pt
* \textwidth=457.80486pt
* \textheight=652.70622pt
* \oddsidemargin=13.08827pt
* \evensidemargin=13.08827pt
* \topmargin=-38.1381pt
* \headheight=12.0pt
* \headsep=25.0pt
* \topskip=12.0pt
* \footskip=30.0pt
* \marginparwidth=44.0pt
* \marginparsep=10.0pt
* \columnsep=10.0pt
* \skip\footins=8.99997pt plus 3.99956pt minus 2.00041pt
* \hoffset=0.0pt
* \voffset=0.0pt
* \mag=1000
* \@twocolumnfalse
* \@twosidefalse
* \@mparswitchfalse
* \@reversemarginfalse
* (1in=72.27pt=25.4mm, 1cm=28.453pt)

\c@lstlisting=\count310
<logo_upds.png, id=1, 1003.8303pt x 1003.8303pt>
File: logo_upds.png Graphic file (type png)
<use logo_upds.png>
Package pdftex.def Info: logo_upds.png  used on input line 99.
(pdftex.def)             Requested size: 228.90242pt x 228.90019pt.
LaTeX Font Info:    Calculating math sizes for size <11.99997> on input line 99.
LaTeX Font Info:    External font `cmex10' loaded for size
(Font)              <11.99997> on input line 99.
LaTeX Font Info:    External font `cmex10' loaded for size
(Font)              <8.39993> on input line 99.
LaTeX Font Info:    External font `cmex10' loaded for size
(Font)              <5.99998> on input line 99.


[1

{C:/Users/ASUS RYZEN 5/AppData/Local/MiKTeX/fonts/map/pdftex/pdftex.map}{C:/Users/ASUS RYZEN 5/AppData/Local/Programs/MiKTeX/fonts/enc/dvips/base/8r.enc} <./logo_upds.png>] (psf_bd.toc
LaTeX Info: Redefining \. on input line 1.
LaTeX Info: Redefining \% on input line 1.
LaTeX Font Info:    External font `cmex10' loaded for size
(Font)              <7> on input line 2.
LaTeX Font Info:    External font `cmex10' loaded for size
(Font)              <5> on input line 2.
)
\tf@toc=\write3
\openout3 = `psf_bd.toc'.



[2

] (psf_bd.lof
LaTeX Info: Redefining \. on input line 1.
LaTeX Info: Redefining \% on input line 1.
)
\tf@lof=\write4
\openout4 = `psf_bd.lof'.



[3

]

[1

]
Underfull \hbox (badness 10000) in paragraph at lines 133--138

 []


Underfull \hbox (badness 10000) in paragraph at lines 140--141

 []


Underfull \hbox (badness 10000) in paragraph at lines 143--144

 []



[2]

[3]
Underfull \hbox (badness 10000) in paragraph at lines 159--162

 []



[4]

[5]

[6]

[7]

[8]
Underfull \hbox (badness 10000) in paragraph at lines 217--224

 []



[9]
Underfull \hbox (badness 10000) in paragraph at lines 226--234

 []



[10]

[11]
Underfull \hbox (badness 10000) in paragraph at lines 250--252

 []


Underfull \hbox (badness 10000) in paragraph at lines 253--255

 []


Underfull \hbox (badness 10000) in paragraph at lines 256--258

 []



[12]
Underfull \hbox (badness 10000) in paragraph at lines 259--261

 []


Underfull \hbox (badness 10000) in paragraph at lines 262--265

 []


Underfull \hbox (badness 10000) in paragraph at lines 266--269

 []



[13]
Underfull \hbox (badness 10000) in paragraph at lines 270--273

 []


Underfull \hbox (badness 10000) in paragraph at lines 274--277

 []



[14]
Underfull \hbox (badness 10000) in paragraph at lines 278--281

 []


Underfull \hbox (badness 10000) in paragraph at lines 282--285

 []



[15]

[16]

[17]
Underfull \hbox (badness 10000) in paragraph at lines 305--308

 []



[18]
<der.png, id=73, 522.753pt x 395.67825pt>
File: der.png Graphic file (type png)
<use der.png>
Package pdftex.def Info: der.png  used on input line 321.
(pdftex.def)             Requested size: 366.24527pt x 277.21439pt.


[19 <./der.png>]
LaTeX Font Info:    Trying to load font information for OT1+pcr on input line 328.
 (C:\Users\ASUS RYZEN 5\AppData\Local\Programs\MiKTeX\tex/latex/psnfss\ot1pcr.fd
File: ot1pcr.fd 2001/06/04 font definitions for OT1/pcr.
)

[20]

[21]

[22]

[23]

[24]

[25]
<admin.png, id=99, 1156.32pt x 650.43pt>
File: admin.png Graphic file (type png)
<use admin.png>
Package pdftex.def Info: admin.png  used on input line 507.
(pdftex.def)             Requested size: 366.24527pt x 206.00803pt.
<dashboard.png, id=100, 1156.32pt x 650.43pt>
File: dashboard.png Graphic file (type png)
<use dashboard.png>
Package pdftex.def Info: dashboard.png  used on input line 515.
(pdftex.def)             Requested size: 366.24527pt x 206.00803pt.


[26 <./admin.png> <./dashboard.png>]
<clientes.png, id=106, 1156.32pt x 650.43pt>
File: clientes.png Graphic file (type png)
<use clientes.png>
Package pdftex.def Info: clientes.png  used on input line 524.
(pdftex.def)             Requested size: 366.24527pt x 206.00803pt.
<planes.png, id=107, 1156.32pt x 650.43pt>
File: planes.png Graphic file (type png)
<use planes.png>
Package pdftex.def Info: planes.png  used on input line 532.
(pdftex.def)             Requested size: 366.24527pt x 206.00803pt.


[27 <./clientes.png> <./planes.png>]
<productos.png, id=113, 1156.32pt x 650.43pt>
File: productos.png Graphic file (type png)
<use productos.png>
Package pdftex.def Info: productos.png  used on input line 541.
(pdftex.def)             Requested size: 366.24527pt x 206.00803pt.
<ventas.png, id=114, 1156.32pt x 650.43pt>
File: ventas.png Graphic file (type png)
<use ventas.png>
Package pdftex.def Info: ventas.png  used on input line 549.
(pdftex.def)             Requested size: 366.24527pt x 206.00803pt.


[28 <./productos.png> <./ventas.png>]
<asistencias.png, id=121, 1156.32pt x 650.43pt>
File: asistencias.png Graphic file (type png)
<use asistencias.png>
Package pdftex.def Info: asistencias.png  used on input line 558.
(pdftex.def)             Requested size: 366.24527pt x 206.00803pt.
<equipos.png, id=122, 1156.32pt x 650.43pt>
File: equipos.png Graphic file (type png)
<use equipos.png>
Package pdftex.def Info: equipos.png  used on input line 566.
(pdftex.def)             Requested size: 366.24527pt x 206.00803pt.


[29 <./asistencias.png> <./equipos.png>]
<inscripciones.png, id=128, 1156.32pt x 650.43pt>
File: inscripciones.png Graphic file (type png)
<use inscripciones.png>
Package pdftex.def Info: inscripciones.png  used on input line 575.
(pdftex.def)             Requested size: 366.24527pt x 206.00803pt.


[30 <./inscripciones.png>]

[31]
Underfull \hbox (badness 10000) in paragraph at lines 600--601

 []


Underfull \hbox (badness 10000) in paragraph at lines 602--603

 []


Underfull \hbox (badness 10000) in paragraph at lines 604--605

 []



[32]
Underfull \hbox (badness 10000) in paragraph at lines 606--608

 []



[33]
LaTeX Font Info:    Trying to load font information for TS1+ptm on input line 656.
 (C:\Users\ASUS RYZEN 5\AppData\Local\Programs\MiKTeX\tex/latex/psnfss\ts1ptm.fd
File: ts1ptm.fd 2001/06/04 font definitions for TS1/ptm.
)
Underfull \hbox (badness 10000) in paragraph at lines 662--663
[]\OT1/ptm/m/n/10 Microsoft. (2024). \OT1/ptm/m/it/10 Fun-da-men-tos de la nor-ma-li-za-ci[]on de ba-ses de da-tos\OT1/ptm/m/n/10 . Re-cu-pe-ra-do de
 []



[34]
Underfull \hbox (badness 5771) in paragraph at lines 668--669
[]\OT1/ptm/m/n/10 Trainingym. (2024). \OT1/ptm/m/it/10 Ten-den-cias tec-nol[]ogi-cas en la in-dus-tria del fit-ness 2024\OT1/ptm/m/n/10 . Re-cu-pe-ra-do de
 []


Underfull \hbox (badness 2229) in paragraph at lines 671--672
[]\OT1/ptm/m/n/10 SoftwarePara. (2025). \OT1/ptm/m/it/10 Soft-wa-re pa-ra gim-na-sios: 8 gran-des pro-gra-mas de ges-ti[]on\OT1/ptm/m/n/10 . Re-cu-pe-ra-do de
 []


Underfull \hbox (badness 6110) in paragraph at lines 674--675
[]\OT1/ptm/m/n/10 Clupik. (2022). \OT1/ptm/m/it/10 C[]omo ele-gir el me-jor CRM pa-ra tu or-ga-ni-za-ci[]on de-por-ti-va\OT1/ptm/m/n/10 . Re-cu-pe-ra-do de
 []


Underfull \hbox (badness 3158) in paragraph at lines 680--681
[]\OT1/ptm/m/n/10 Avigilon. (2023). \OT1/ptm/m/it/10 Gu[]^^Pa de sis-te-mas de con-trol de ac-ce-so 24/7 pa-ra gim-na-sios\OT1/ptm/m/n/10 . Re-cu-pe-ra-do de
 []


Underfull \hbox (badness 10000) in paragraph at lines 683--684
[]\OT1/ptm/m/n/10 Apache Friends. (2024). \OT1/ptm/m/it/10 XAMPP Apa-che + Ma-riaDB + PHP + Perl\OT1/ptm/m/n/10 . Re-cu-pe-ra-do de
 []


Underfull \hbox (badness 2245) in paragraph at lines 686--687
[]\OT1/ptm/m/n/10 Mozilla De-ve-lo-per Net-work. (2024). \OT1/ptm/m/it/10 HTML: Len-gua-je de eti-que-tas de hi-per-tex-to\OT1/ptm/m/n/10 . Re-cu-pe-ra-do de
 []


Underfull \hbox (badness 10000) in paragraph at lines 689--690
[]\OT1/ptm/m/n/10 Mozilla De-ve-lo-per Net-work. (2024). \OT1/ptm/m/it/10 CSS: Ho-jas de Es-ti-lo en Cas-ca-da\OT1/ptm/m/n/10 . Re-cu-pe-ra-do de
 []



[35] (psf_bd.aux
LaTeX Info: Redefining \. on input line 8.
LaTeX Info: Redefining \% on input line 8.
)
 ***********
LaTeX2e <2025-06-01> patch level 1
L3 programming layer <2025-09-02>
 ***********
 ) 
Here is how much of TeX's memory you used:
 8034 strings out of 468130
 127542 string characters out of 5427209
 1307275 words of memory out of 5000000
 36544 multiletter control sequences out of 15000+600000
 649012 words of font info for 79 fonts, out of 8000000 for 9000
 1141 hyphenation exceptions out of 8191
 73i,12n,77p,693b,2152s stack positions out of 10000i,1000n,20000p,200000b,200000s
<C:/Users/ASUS RYZEN 5/AppData/Local/Programs/MiKTeX/fonts/type1/urw/courier/ucrb8a.pfb><C:/Users/ASUS RYZEN 5/AppData/Local/Programs/MiKTeX/fonts/type1/urw/courier/ucrr8a.pfb><C:/Users/ASUS RYZEN 5/AppData/Local/Programs/MiKTeX/fonts/type1/urw/times/utmb8a.pfb><C:/Users/ASUS RYZEN 5/AppData/Local/Programs/MiKTeX/fonts/type1/urw/times/utmr8a.pfb><C:/Users/ASUS RYZEN 5/AppData/Local/Programs/MiKTeX/fonts/type1/urw/times/utmri8a.pfb>
Output written on psf_bd.pdf (38 pages, 2728143 bytes).
PDF statistics:
 175 PDF objects out of 1000 (max. 8388607)
 0 named destinations out of 1000 (max. 500000)
 56 words of extra memory for PDF output out of 10000 (max. 10000000)

